Exception at PC 0x00007FFC0631A839
Exception at PC 0x00007FFC0631A839
Exception at PC 0x00007FFC0631A839
Exception at PC 0x00007FFC0631A839
Exception at PC 0x00007FFBAF00E132
Attemped to write at address 0x00007FFBC0984AA4
Printing stacktrace...

[0]  [0x00007FFBAF00E132]
[1]  [0x00007FFBAF00E132]
[2]  [0x00007FFBAF00E194]
[3]  [0x00007FFBAEC5D0D7]
[4]  [0x00007FFBAEB42BCA]
[5]  [0x00007FFBAEB42FD1]
[6]  [0x00007FFBAF00EB2F]
[7]  [0x00007FFBAEECC19D]
[8]  [0x00007FFBAEEC5942]
[9]  [0x00007FFBAEEC5AB5]
[10] (RtlActivateActivationContextUnsafeFast+0x121) [0x00007FFC091C5031]
[11] (LdrShutdownProcess+0x132) [0x00007FFC0920AAA2]
[12] (RtlExitUserProcess+0xad) [0x00007FFC0920A94D]
[13] (ExitProcess+0xa) [0x00007FFC07D6CD8A]
[14] (exit+0x85) [0x00007FFC08C1A245]
[15] (initterm_e+0x245) [0x00007FFC08C1A8B5]
[16]  [0x00000000004014CD]
[17]  [0x000000000040151B]
[18] (BaseThreadInitThunk+0x14) [0x00007FFC07D67BD4]
[19] (RtlUserThreadStart+0x21) [0x00007FFC0920CE71]
Done
